<?xml version="1.0" encoding="UTF-8"?>
<!-- Generated by org.testng.reporters.JUnitReportReporter -->
<testsuite hostname="OLFA-PC" failures="0" tests="1" name="testCase.FileUploadDemo2" time="0.963" errors="0" timestamp="2024-10-23T23:12:12 CEST" skipped="0">
  <testcase classname="testCase.FileUploadDemo2" name="fileUploadTest" time="0.963"/>
</testsuite> <!-- testCase.FileUploadDemo2 -->
